<?xml version="1.0" encoding="UTF-8"?>
<testsuite name="it.unimi.di.sweng.slalom.presenter.FirstManchePresenterTest" tests="4" skipped="0" failures="0" errors="0" timestamp="2023-01-15T11:09:41" hostname="dani-mac" time="0.409">
  <properties/>
  <testcase name="setNextNameTest()" classname="it.unimi.di.sweng.slalom.presenter.FirstManchePresenterTest" time="0.404"/>
  <testcase name="firstStrategyTest()" classname="it.unimi.di.sweng.slalom.presenter.FirstManchePresenterTest" time="0.002"/>
  <testcase name="setNameTest()" classname="it.unimi.di.sweng.slalom.presenter.FirstManchePresenterTest" time="0.001"/>
  <testcase name="testUpdate()" classname="it.unimi.di.sweng.slalom.presenter.FirstManchePresenterTest" time="0.001"/>
  <system-out><![CDATA[]]></system-out>
  <system-err><![CDATA[]]></system-err>
</testsuite>
